<?xml version="1.0" encoding="UTF-8"?>
<testng-results ignored="0" total="1" passed="1" failed="0" skipped="0">
  <reporter-output>
  </reporter-output>
  <suite started-at="2023-08-03T03:20:13Z" name="Default suite" finished-at="2023-08-03T03:20:19Z" duration-ms="5900">
    <groups>
    </groups>
    <test started-at="2023-08-03T03:20:13Z" name="Default test" finished-at="2023-08-03T03:20:19Z" duration-ms="5900">
      <class name="com.qa.tests.PrimeReactTest">
        <test-method is-config="true" signature="setUp()[pri:0, instance:com.qa.tests.PrimeReactTest@172b013]" started-at="2023-08-03T03:20:13Z" name="setUp" finished-at="2023-08-03T03:20:18Z" duration-ms="5529" status="PASS">
          <reporter-output>
          </reporter-output>
        </test-method> <!-- setUp -->
        <test-method signature="blueBandCheckboxTest()[pri:1, instance:com.qa.tests.PrimeReactTest@172b013]" started-at="2023-08-03T03:20:18Z" name="blueBandCheckboxTest" finished-at="2023-08-03T03:20:19Z" duration-ms="325" status="PASS">
          <reporter-output>
          </reporter-output>
        </test-method> <!-- blueBandCheckboxTest -->
        <test-method is-config="true" signature="tearDown()[pri:0, instance:com.qa.tests.PrimeReactTest@172b013]" started-at="2023-08-03T03:20:19Z" name="tearDown" finished-at="2023-08-03T03:20:19Z" duration-ms="1" status="PASS">
          <reporter-output>
          </reporter-output>
        </test-method> <!-- tearDown -->
      </class> <!-- com.qa.tests.PrimeReactTest -->
    </test> <!-- Default test -->
  </suite> <!-- Default suite -->
</testng-results>
